16:51:22 [INFO] Server::run; addr=127.0.0.1:3000
16:51:22 [INFO] listening on http://127.0.0.1:3000 
16:51:24 [DEBUG] (3) hyper::proto::h1::io: parsed 12 headers 
16:51:24 [DEBUG] (3) hyper::proto::h1::conn: incoming body is empty 
16:51:24 [DEBUG] (3) hyper::proto::h1::io: flushed 166 bytes 
16:51:24 [INFO] New connection: WebSocket
16:51:24 [DEBUG] (7) tungstenite::protocol: Received close frame: Some(CloseFrame { code: Away, reason: "" })
16:51:24 [DEBUG] (7) tungstenite::protocol: Replying to close with Frame { header: FrameHeader { is_final: true, rsv1: false, rsv2: false, rsv3: false, opcode: Control(Close), mask: None }, payload: [3, 232] }
16:51:24 [INFO] closing socket for sending non-binary(uid=Some(4)): Close(Some(CloseFrame { code: Away, reason: "" }))
16:51:25 [INFO] Arena cycle(elapsed=32.471051ms, fps=31, tick=100)
16:51:25 [DEBUG] (3) hyper::proto::h1::io: parsed 12 headers 
16:51:25 [DEBUG] (3) hyper::proto::h1::conn: incoming body is empty 
16:51:25 [DEBUG] (3) hyper::proto::h1::io: flushed 166 bytes 
16:51:25 [INFO] New connection: WebSocket
16:51:28 [INFO] Arena cycle(elapsed=32.614652ms, fps=31, tick=200)
16:51:31 [INFO] Arena cycle(elapsed=32.52039ms, fps=31, tick=300)
16:51:35 [INFO] Arena cycle(elapsed=32.763168ms, fps=31, tick=400)
16:51:36 [DEBUG] (3) hyper::proto::h1::io: parsed 12 headers 
16:51:36 [DEBUG] (3) hyper::proto::h1::conn: incoming body is empty 
16:51:36 [DEBUG] (3) hyper::proto::h1::io: flushed 166 bytes 
16:51:36 [INFO] New connection: WebSocket
16:51:38 [INFO] Arena cycle(elapsed=33.599354ms, fps=30, tick=500)
16:51:41 [INFO] Arena cycle(elapsed=32.916045ms, fps=31, tick=600)
16:51:45 [INFO] Arena cycle(elapsed=33.317072ms, fps=30, tick=700)
16:51:48 [INFO] Got spawn packet(uid=Some(6)): winfan's new ball
16:51:48 [INFO] Arena cycle(elapsed=32.840584ms, fps=31, tick=800)
16:51:49 [DEBUG] (3) tungstenite::protocol: Received close frame: Some(CloseFrame { code: Away, reason: "" })
16:51:49 [DEBUG] (3) tungstenite::protocol: Replying to close with Frame { header: FrameHeader { is_final: true, rsv1: false, rsv2: false, rsv3: false, opcode: Control(Close), mask: None }, payload: [3, 232] }
16:51:49 [INFO] closing socket for sending non-binary(uid=Some(6)): Close(Some(CloseFrame { code: Away, reason: "" }))
16:51:51 [INFO] Arena cycle(elapsed=33.130215ms, fps=30, tick=900)
16:51:55 [INFO] Arena cycle(elapsed=33.371978ms, fps=30, tick=1000)
16:51:58 [INFO] Arena cycle(elapsed=33.078072ms, fps=30, tick=1100)
16:52:01 [INFO] Arena cycle(elapsed=32.624927ms, fps=31, tick=1200)
16:52:04 [INFO] Arena cycle(elapsed=33.459008ms, fps=30, tick=1300)
16:52:08 [INFO] Arena cycle(elapsed=32.944049ms, fps=31, tick=1400)
16:52:11 [INFO] Arena cycle(elapsed=33.450738ms, fps=30, tick=1500)
16:52:14 [INFO] Arena cycle(elapsed=32.714511ms, fps=31, tick=1600)
16:52:18 [INFO] Arena cycle(elapsed=32.654845ms, fps=31, tick=1700)
16:52:21 [INFO] Arena cycle(elapsed=32.952589ms, fps=31, tick=1800)
16:52:24 [INFO] Arena cycle(elapsed=33.456988ms, fps=30, tick=1900)
16:52:28 [INFO] Arena cycle(elapsed=32.772661ms, fps=31, tick=2000)
16:52:31 [INFO] Arena cycle(elapsed=32.704706ms, fps=31, tick=2100)
16:52:34 [INFO] Arena cycle(elapsed=31.904677ms, fps=32, tick=2200)
16:52:37 [INFO] Arena cycle(elapsed=32.2641ms, fps=31, tick=2300)
16:52:41 [INFO] Arena cycle(elapsed=32.865897ms, fps=31, tick=2400)
16:52:44 [INFO] Arena cycle(elapsed=32.966312ms, fps=31, tick=2500)
16:52:47 [INFO] Arena cycle(elapsed=32.803005ms, fps=31, tick=2600)
16:52:51 [INFO] Arena cycle(elapsed=32.63116ms, fps=31, tick=2700)
16:52:54 [INFO] Arena cycle(elapsed=32.559003ms, fps=31, tick=2800)
16:52:57 [INFO] Arena cycle(elapsed=33.65149ms, fps=30, tick=2900)
16:53:01 [INFO] Arena cycle(elapsed=32.754501ms, fps=31, tick=3000)
16:53:04 [INFO] Arena cycle(elapsed=33.172506ms, fps=30, tick=3100)
16:53:07 [INFO] Arena cycle(elapsed=33.625614ms, fps=30, tick=3200)
16:53:10 [INFO] Arena cycle(elapsed=32.759337ms, fps=31, tick=3300)
16:53:14 [INFO] Arena cycle(elapsed=32.583703ms, fps=31, tick=3400)
16:53:17 [INFO] Arena cycle(elapsed=33.51057ms, fps=30, tick=3500)
16:53:20 [INFO] Arena cycle(elapsed=32.833032ms, fps=31, tick=3600)
16:53:24 [INFO] Arena cycle(elapsed=32.981497ms, fps=31, tick=3700)
16:53:27 [INFO] Arena cycle(elapsed=33.042714ms, fps=30, tick=3800)
16:53:29 [DEBUG] (8) hyper::proto::h1::io: parsed 12 headers 
16:53:29 [DEBUG] (8) hyper::proto::h1::conn: incoming body is empty 
16:53:29 [DEBUG] (8) hyper::proto::h1::io: flushed 166 bytes 
16:53:29 [INFO] New connection: WebSocket
16:53:30 [INFO] Arena cycle(elapsed=33.031135ms, fps=30, tick=3900)
16:53:34 [INFO] Arena cycle(elapsed=32.902007ms, fps=31, tick=4000)
16:53:35 [INFO] Got spawn packet(uid=Some(7)): ball1
16:53:37 [INFO] Arena cycle(elapsed=33.05372ms, fps=30, tick=4100)
16:53:40 [INFO] Arena cycle(elapsed=32.155949ms, fps=31, tick=4200)
16:53:40 [DEBUG] (3) hyper::proto::h1::io: parsed 12 headers 
16:53:40 [DEBUG] (3) hyper::proto::h1::conn: incoming body is empty 
16:53:40 [DEBUG] (3) hyper::proto::h1::io: flushed 166 bytes 
16:53:40 [INFO] New connection: WebSocket
16:53:43 [INFO] Arena cycle(elapsed=32.636096ms, fps=31, tick=4300)
16:53:44 [INFO] Got spawn packet(uid=Some(8)): ball2
16:53:47 [INFO] Arena cycle(elapsed=33.083644ms, fps=30, tick=4400)
16:53:50 [INFO] Arena cycle(elapsed=32.760596ms, fps=31, tick=4500)
16:53:53 [INFO] Arena cycle(elapsed=32.800885ms, fps=31, tick=4600)
16:53:57 [INFO] Arena cycle(elapsed=32.1541ms, fps=31, tick=4700)
16:54:00 [INFO] Arena cycle(elapsed=31.985956ms, fps=32, tick=4800)
16:54:03 [INFO] Arena cycle(elapsed=31.982423ms, fps=32, tick=4900)
16:54:07 [INFO] Arena cycle(elapsed=32.485729ms, fps=31, tick=5000)
16:54:10 [INFO] Arena cycle(elapsed=32.712278ms, fps=31, tick=5100)
16:54:13 [INFO] Arena cycle(elapsed=32.490521ms, fps=31, tick=5200)
16:54:16 [INFO] Arena cycle(elapsed=33.181449ms, fps=30, tick=5300)
16:54:20 [INFO] Arena cycle(elapsed=32.506013ms, fps=31, tick=5400)
16:54:23 [INFO] Arena cycle(elapsed=33.076222ms, fps=30, tick=5500)
16:54:26 [INFO] Arena cycle(elapsed=32.757996ms, fps=31, tick=5600)
16:54:30 [INFO] Arena cycle(elapsed=32.61968ms, fps=31, tick=5700)
16:54:33 [INFO] Arena cycle(elapsed=32.576708ms, fps=31, tick=5800)
16:54:36 [INFO] Arena cycle(elapsed=32.33298ms, fps=31, tick=5900)
16:54:40 [INFO] Arena cycle(elapsed=32.114995ms, fps=31, tick=6000)
16:54:40 [DEBUG] (8) tungstenite::protocol: Received close frame: Some(CloseFrame { code: Away, reason: "" })
16:54:40 [DEBUG] (8) tungstenite::protocol: Replying to close with Frame { header: FrameHeader { is_final: true, rsv1: false, rsv2: false, rsv3: false, opcode: Control(Close), mask: None }, payload: [3, 232] }
16:54:40 [INFO] closing socket for sending non-binary(uid=Some(8)): Close(Some(CloseFrame { code: Away, reason: "" }))
16:54:41 [DEBUG] (6) tungstenite::protocol: Received close frame: Some(CloseFrame { code: Away, reason: "" })
16:54:41 [DEBUG] (6) tungstenite::protocol: Replying to close with Frame { header: FrameHeader { is_final: true, rsv1: false, rsv2: false, rsv3: false, opcode: Control(Close), mask: None }, payload: [3, 232] }
16:54:41 [INFO] closing socket for sending non-binary(uid=Some(7)): Close(Some(CloseFrame { code: Away, reason: "" }))
16:54:43 [INFO] Arena cycle(elapsed=33.432877ms, fps=30, tick=6100)
16:54:46 [INFO] Arena cycle(elapsed=32.635527ms, fps=31, tick=6200)
16:54:49 [INFO] Arena cycle(elapsed=32.754416ms, fps=31, tick=6300)
16:54:53 [INFO] Arena cycle(elapsed=33.251527ms, fps=30, tick=6400)
16:54:56 [INFO] Arena cycle(elapsed=32.546773ms, fps=31, tick=6500)
16:54:59 [INFO] Arena cycle(elapsed=32.410226ms, fps=31, tick=6600)
16:55:03 [INFO] Arena cycle(elapsed=32.385223ms, fps=31, tick=6700)
16:55:06 [INFO] Arena cycle(elapsed=32.538776ms, fps=31, tick=6800)
16:55:09 [INFO] Arena cycle(elapsed=33.190705ms, fps=30, tick=6900)
16:55:13 [INFO] Arena cycle(elapsed=32.846299ms, fps=31, tick=7000)
16:55:16 [INFO] Arena cycle(elapsed=32.267413ms, fps=31, tick=7100)
16:55:19 [INFO] Arena cycle(elapsed=32.471704ms, fps=31, tick=7200)
16:55:22 [INFO] Arena cycle(elapsed=32.644505ms, fps=31, tick=7300)
16:55:26 [INFO] Arena cycle(elapsed=32.24112ms, fps=31, tick=7400)
16:55:29 [INFO] Arena cycle(elapsed=33.446331ms, fps=30, tick=7500)
16:55:32 [INFO] Arena cycle(elapsed=33.26141ms, fps=30, tick=7600)
16:55:36 [INFO] Arena cycle(elapsed=32.771635ms, fps=31, tick=7700)
16:55:39 [INFO] Arena cycle(elapsed=33.381109ms, fps=30, tick=7800)
16:55:42 [INFO] Arena cycle(elapsed=33.372146ms, fps=30, tick=7900)
16:55:46 [INFO] Arena cycle(elapsed=33.382344ms, fps=30, tick=8000)
16:55:49 [INFO] Arena cycle(elapsed=32.357096ms, fps=31, tick=8100)
16:55:52 [INFO] Arena cycle(elapsed=33.620404ms, fps=30, tick=8200)
16:55:55 [INFO] Arena cycle(elapsed=33.493923ms, fps=30, tick=8300)
16:55:59 [INFO] Arena cycle(elapsed=32.228878ms, fps=31, tick=8400)
16:56:02 [INFO] Arena cycle(elapsed=32.563953ms, fps=31, tick=8500)
16:56:05 [INFO] Arena cycle(elapsed=32.94446ms, fps=31, tick=8600)
16:56:09 [INFO] Arena cycle(elapsed=33.263836ms, fps=30, tick=8700)
16:56:12 [INFO] Arena cycle(elapsed=32.540112ms, fps=31, tick=8800)
16:56:15 [INFO] Arena cycle(elapsed=32.411622ms, fps=31, tick=8900)
16:56:19 [INFO] Arena cycle(elapsed=33.478808ms, fps=30, tick=9000)
16:56:22 [INFO] Arena cycle(elapsed=32.793921ms, fps=31, tick=9100)
16:56:25 [INFO] Arena cycle(elapsed=32.289012ms, fps=31, tick=9200)
16:56:28 [INFO] Arena cycle(elapsed=33.521925ms, fps=30, tick=9300)
16:56:32 [INFO] Arena cycle(elapsed=32.305816ms, fps=31, tick=9400)
16:56:35 [INFO] Arena cycle(elapsed=32.680011ms, fps=31, tick=9500)
16:56:38 [INFO] Arena cycle(elapsed=33.499817ms, fps=30, tick=9600)
16:56:42 [INFO] Arena cycle(elapsed=32.52979ms, fps=31, tick=9700)
16:56:45 [INFO] Arena cycle(elapsed=33.373183ms, fps=30, tick=9800)
16:56:48 [INFO] Arena cycle(elapsed=32.345479ms, fps=31, tick=9900)
16:56:52 [INFO] Arena cycle(elapsed=33.251594ms, fps=30, tick=10000)
16:56:55 [INFO] Arena cycle(elapsed=33.860963ms, fps=30, tick=10100)
16:56:58 [INFO] Arena cycle(elapsed=32.739967ms, fps=31, tick=10200)
16:57:01 [INFO] Arena cycle(elapsed=32.411125ms, fps=31, tick=10300)
16:57:05 [INFO] Arena cycle(elapsed=32.716611ms, fps=31, tick=10400)
16:57:08 [INFO] Arena cycle(elapsed=32.721017ms, fps=31, tick=10500)
16:57:11 [INFO] Arena cycle(elapsed=33.514383ms, fps=30, tick=10600)
16:57:15 [INFO] Arena cycle(elapsed=33.55132ms, fps=30, tick=10700)
16:57:18 [INFO] Arena cycle(elapsed=32.67415ms, fps=31, tick=10800)
16:57:21 [INFO] Arena cycle(elapsed=33.338649ms, fps=30, tick=10900)
16:57:25 [INFO] Arena cycle(elapsed=33.657878ms, fps=30, tick=11000)
16:57:28 [INFO] Arena cycle(elapsed=33.314303ms, fps=30, tick=11100)
16:57:31 [INFO] Arena cycle(elapsed=33.653147ms, fps=30, tick=11200)
16:57:34 [INFO] Arena cycle(elapsed=32.404155ms, fps=31, tick=11300)
16:57:38 [INFO] Arena cycle(elapsed=32.575061ms, fps=31, tick=11400)
16:57:41 [INFO] Arena cycle(elapsed=32.83998ms, fps=31, tick=11500)
16:57:44 [INFO] Arena cycle(elapsed=32.834798ms, fps=31, tick=11600)
16:57:48 [INFO] Arena cycle(elapsed=32.378914ms, fps=31, tick=11700)
16:57:51 [INFO] Arena cycle(elapsed=32.964239ms, fps=31, tick=11800)
16:57:54 [INFO] Arena cycle(elapsed=33.600391ms, fps=30, tick=11900)
16:57:58 [INFO] Arena cycle(elapsed=33.114264ms, fps=30, tick=12000)
16:58:01 [INFO] Arena cycle(elapsed=32.641505ms, fps=31, tick=12100)
16:58:04 [INFO] Arena cycle(elapsed=32.270734ms, fps=31, tick=12200)
16:58:07 [INFO] Arena cycle(elapsed=32.846579ms, fps=31, tick=12300)
16:58:11 [INFO] Arena cycle(elapsed=32.90189ms, fps=31, tick=12400)
16:58:14 [INFO] Arena cycle(elapsed=33.059003ms, fps=30, tick=12500)
16:58:17 [INFO] Arena cycle(elapsed=32.499504ms, fps=31, tick=12600)
16:58:21 [INFO] Arena cycle(elapsed=33.755338ms, fps=30, tick=12700)
16:58:24 [INFO] Arena cycle(elapsed=33.207559ms, fps=30, tick=12800)
16:58:27 [INFO] Arena cycle(elapsed=32.918658ms, fps=31, tick=12900)
16:58:31 [INFO] Arena cycle(elapsed=33.836596ms, fps=30, tick=13000)
16:58:34 [INFO] Arena cycle(elapsed=33.404734ms, fps=30, tick=13100)
16:58:37 [INFO] Arena cycle(elapsed=32.8437ms, fps=31, tick=13200)
16:58:40 [INFO] Arena cycle(elapsed=32.324306ms, fps=31, tick=13300)
16:58:44 [INFO] Arena cycle(elapsed=32.664787ms, fps=31, tick=13400)
16:58:47 [INFO] Arena cycle(elapsed=33.480191ms, fps=30, tick=13500)
16:58:50 [INFO] Arena cycle(elapsed=32.554827ms, fps=31, tick=13600)
16:58:54 [INFO] Arena cycle(elapsed=33.281792ms, fps=30, tick=13700)
16:58:57 [INFO] Arena cycle(elapsed=32.522366ms, fps=31, tick=13800)
16:59:00 [INFO] Arena cycle(elapsed=32.672204ms, fps=31, tick=13900)
16:59:04 [INFO] Arena cycle(elapsed=32.009245ms, fps=31, tick=14000)
16:59:07 [INFO] Arena cycle(elapsed=33.562658ms, fps=30, tick=14100)
16:59:10 [INFO] Arena cycle(elapsed=33.142137ms, fps=30, tick=14200)
16:59:13 [INFO] Arena cycle(elapsed=32.745627ms, fps=31, tick=14300)
16:59:17 [INFO] Arena cycle(elapsed=33.253014ms, fps=30, tick=14400)
16:59:20 [INFO] Arena cycle(elapsed=33.460437ms, fps=30, tick=14500)
16:59:23 [INFO] Arena cycle(elapsed=33.581292ms, fps=30, tick=14600)
16:59:27 [INFO] Arena cycle(elapsed=33.306755ms, fps=30, tick=14700)
16:59:30 [INFO] Arena cycle(elapsed=33.147098ms, fps=30, tick=14800)
16:59:33 [INFO] Arena cycle(elapsed=32.755012ms, fps=31, tick=14900)
16:59:37 [INFO] Arena cycle(elapsed=33.648541ms, fps=30, tick=15000)
16:59:40 [INFO] Arena cycle(elapsed=32.690767ms, fps=31, tick=15100)
16:59:43 [INFO] Arena cycle(elapsed=32.947323ms, fps=31, tick=15200)
16:59:46 [INFO] Arena cycle(elapsed=32.962723ms, fps=31, tick=15300)
16:59:50 [INFO] Arena cycle(elapsed=33.002049ms, fps=30, tick=15400)
16:59:53 [INFO] Arena cycle(elapsed=32.448649ms, fps=31, tick=15500)
16:59:56 [INFO] Arena cycle(elapsed=33.16545ms, fps=30, tick=15600)
17:00:00 [INFO] Arena cycle(elapsed=33.64242ms, fps=30, tick=15700)
17:00:03 [INFO] Arena cycle(elapsed=32.914883ms, fps=31, tick=15800)
17:00:06 [INFO] Arena cycle(elapsed=33.169269ms, fps=30, tick=15900)
17:00:10 [INFO] Arena cycle(elapsed=32.512514ms, fps=31, tick=16000)
17:00:13 [INFO] Arena cycle(elapsed=32.580083ms, fps=31, tick=16100)
17:00:16 [INFO] Arena cycle(elapsed=32.852768ms, fps=31, tick=16200)
17:00:19 [INFO] Arena cycle(elapsed=32.83067ms, fps=31, tick=16300)
17:00:23 [INFO] Arena cycle(elapsed=32.775129ms, fps=31, tick=16400)
17:00:26 [INFO] Arena cycle(elapsed=32.384125ms, fps=31, tick=16500)
17:00:29 [INFO] Arena cycle(elapsed=33.538868ms, fps=30, tick=16600)
17:00:33 [INFO] Arena cycle(elapsed=33.051873ms, fps=30, tick=16700)
17:00:36 [INFO] Arena cycle(elapsed=32.713324ms, fps=31, tick=16800)
17:00:39 [INFO] Arena cycle(elapsed=32.788697ms, fps=31, tick=16900)
17:00:43 [INFO] Arena cycle(elapsed=33.093496ms, fps=30, tick=17000)
17:00:46 [INFO] Arena cycle(elapsed=32.906413ms, fps=31, tick=17100)
17:00:49 [INFO] Arena cycle(elapsed=33.510628ms, fps=30, tick=17200)
17:00:52 [INFO] Arena cycle(elapsed=33.096291ms, fps=30, tick=17300)
17:00:56 [INFO] Arena cycle(elapsed=32.37811ms, fps=31, tick=17400)
17:00:59 [INFO] Arena cycle(elapsed=33.600551ms, fps=30, tick=17500)
17:01:02 [INFO] Arena cycle(elapsed=33.482727ms, fps=30, tick=17600)
17:01:06 [INFO] Arena cycle(elapsed=32.670627ms, fps=31, tick=17700)
17:01:09 [INFO] Arena cycle(elapsed=32.873461ms, fps=31, tick=17800)
17:01:12 [INFO] Arena cycle(elapsed=33.278469ms, fps=30, tick=17900)
17:01:16 [INFO] Arena cycle(elapsed=32.926157ms, fps=31, tick=18000)
17:01:19 [INFO] Arena cycle(elapsed=32.652103ms, fps=31, tick=18100)
17:01:22 [INFO] Arena cycle(elapsed=32.888107ms, fps=31, tick=18200)
17:01:25 [INFO] Arena cycle(elapsed=32.201483ms, fps=31, tick=18300)
17:01:29 [INFO] Arena cycle(elapsed=33.048707ms, fps=30, tick=18400)
17:01:32 [INFO] Arena cycle(elapsed=32.471781ms, fps=31, tick=18500)
17:01:35 [INFO] Arena cycle(elapsed=32.020044ms, fps=31, tick=18600)
17:01:39 [INFO] Arena cycle(elapsed=32.638112ms, fps=31, tick=18700)
17:01:42 [INFO] Arena cycle(elapsed=33.013363ms, fps=30, tick=18800)
17:01:45 [INFO] Arena cycle(elapsed=32.915417ms, fps=31, tick=18900)
17:01:49 [INFO] Arena cycle(elapsed=33.178676ms, fps=30, tick=19000)
17:01:52 [INFO] Arena cycle(elapsed=33.154824ms, fps=30, tick=19100)
17:01:55 [INFO] Arena cycle(elapsed=32.765907ms, fps=31, tick=19200)
17:01:58 [INFO] Arena cycle(elapsed=33.23027ms, fps=30, tick=19300)
17:02:02 [INFO] Arena cycle(elapsed=32.728019ms, fps=31, tick=19400)
17:02:05 [INFO] Arena cycle(elapsed=33.179516ms, fps=30, tick=19500)
17:02:08 [INFO] Arena cycle(elapsed=33.228223ms, fps=30, tick=19600)
17:02:12 [INFO] Arena cycle(elapsed=32.533099ms, fps=31, tick=19700)
17:02:15 [INFO] Arena cycle(elapsed=33.626936ms, fps=30, tick=19800)
17:02:18 [INFO] Arena cycle(elapsed=33.270081ms, fps=30, tick=19900)
17:02:22 [INFO] Arena cycle(elapsed=33.122792ms, fps=30, tick=20000)
17:02:25 [INFO] Arena cycle(elapsed=32.878237ms, fps=31, tick=20100)
17:02:28 [INFO] Arena cycle(elapsed=32.29711ms, fps=31, tick=20200)
17:02:31 [INFO] Arena cycle(elapsed=32.673984ms, fps=31, tick=20300)
17:02:35 [INFO] Arena cycle(elapsed=32.440434ms, fps=31, tick=20400)
17:02:38 [INFO] Arena cycle(elapsed=32.798069ms, fps=31, tick=20500)
17:02:41 [INFO] Arena cycle(elapsed=32.822696ms, fps=31, tick=20600)
17:02:45 [INFO] Arena cycle(elapsed=33.476271ms, fps=30, tick=20700)
17:02:48 [INFO] Arena cycle(elapsed=32.665891ms, fps=31, tick=20800)
17:02:51 [INFO] Arena cycle(elapsed=33.338387ms, fps=30, tick=20900)
17:02:55 [INFO] Arena cycle(elapsed=33.347393ms, fps=30, tick=21000)
17:02:58 [INFO] Arena cycle(elapsed=32.305532ms, fps=31, tick=21100)
17:03:01 [INFO] Arena cycle(elapsed=32.791162ms, fps=31, tick=21200)
17:03:04 [INFO] Arena cycle(elapsed=32.504215ms, fps=31, tick=21300)
17:03:08 [INFO] Arena cycle(elapsed=32.789174ms, fps=31, tick=21400)
17:03:09 [DEBUG] (6) tungstenite::protocol: Received close frame: Some(CloseFrame { code: Away, reason: "" })
17:03:09 [DEBUG] (6) tungstenite::protocol: Replying to close with Frame { header: FrameHeader { is_final: true, rsv1: false, rsv2: false, rsv3: false, opcode: Control(Close), mask: None }, payload: [3, 232] }
17:03:09 [INFO] closing socket for sending non-binary(uid=Some(5)): Close(Some(CloseFrame { code: Away, reason: "" }))
17:03:10 [DEBUG] (7) hyper::proto::h1::io: parsed 12 headers 
17:03:10 [DEBUG] (7) hyper::proto::h1::conn: incoming body is empty 
17:03:10 [DEBUG] (7) hyper::proto::h1::io: flushed 166 bytes 
17:03:10 [INFO] New connection: WebSocket
17:03:11 [INFO] Arena cycle(elapsed=33.548357ms, fps=30, tick=21500)
17:03:14 [DEBUG] (3) hyper::proto::h1::io: parsed 12 headers 
17:03:14 [DEBUG] (3) hyper::proto::h1::conn: incoming body is empty 
17:03:14 [DEBUG] (3) hyper::proto::h1::io: flushed 166 bytes 
17:03:14 [INFO] New connection: WebSocket
17:03:14 [INFO] Arena cycle(elapsed=33.400145ms, fps=30, tick=21600)
17:03:18 [INFO] Arena cycle(elapsed=33.678051ms, fps=30, tick=21700)
17:03:19 [INFO] Got spawn packet(uid=Some(10)): ball2
17:03:21 [INFO] Arena cycle(elapsed=32.837015ms, fps=31, tick=21800)
17:03:22 [DEBUG] (7) tungstenite::protocol: Received close frame: Some(CloseFrame { code: Away, reason: "" })
17:03:22 [DEBUG] (7) tungstenite::protocol: Replying to close with Frame { header: FrameHeader { is_final: true, rsv1: false, rsv2: false, rsv3: false, opcode: Control(Close), mask: None }, payload: [3, 232] }
17:03:22 [INFO] closing socket for sending non-binary(uid=Some(10)): Close(Some(CloseFrame { code: Away, reason: "" }))
17:03:24 [INFO] Arena cycle(elapsed=32.43075ms, fps=31, tick=21900)
17:03:28 [INFO] Arena cycle(elapsed=33.252941ms, fps=30, tick=22000)
17:03:31 [INFO] Arena cycle(elapsed=33.456507ms, fps=30, tick=22100)
17:03:34 [INFO] Arena cycle(elapsed=33.272757ms, fps=30, tick=22200)
17:03:37 [INFO] Arena cycle(elapsed=33.588498ms, fps=30, tick=22300)
17:03:41 [INFO] Arena cycle(elapsed=33.294514ms, fps=30, tick=22400)
17:03:44 [INFO] Arena cycle(elapsed=33.338248ms, fps=30, tick=22500)
17:03:47 [INFO] Arena cycle(elapsed=32.727327ms, fps=31, tick=22600)
17:03:51 [INFO] Arena cycle(elapsed=33.387316ms, fps=30, tick=22700)
17:03:54 [INFO] Arena cycle(elapsed=32.770586ms, fps=31, tick=22800)
17:03:57 [INFO] Arena cycle(elapsed=33.308876ms, fps=30, tick=22900)
17:04:01 [INFO] Arena cycle(elapsed=32.685095ms, fps=31, tick=23000)
17:04:04 [INFO] Arena cycle(elapsed=33.355088ms, fps=30, tick=23100)
17:04:07 [INFO] Arena cycle(elapsed=33.395119ms, fps=30, tick=23200)
17:04:10 [INFO] Arena cycle(elapsed=33.547647ms, fps=30, tick=23300)
17:04:14 [INFO] Arena cycle(elapsed=32.464786ms, fps=31, tick=23400)
17:04:17 [INFO] Arena cycle(elapsed=32.865745ms, fps=31, tick=23500)
17:04:20 [INFO] Arena cycle(elapsed=33.486191ms, fps=30, tick=23600)
17:04:24 [INFO] Arena cycle(elapsed=33.370603ms, fps=30, tick=23700)
17:04:27 [INFO] Arena cycle(elapsed=32.360132ms, fps=31, tick=23800)
17:04:30 [INFO] Arena cycle(elapsed=33.41055ms, fps=30, tick=23900)
17:04:34 [INFO] Arena cycle(elapsed=32.531668ms, fps=31, tick=24000)
17:04:37 [INFO] Arena cycle(elapsed=33.319653ms, fps=30, tick=24100)
17:04:40 [INFO] Arena cycle(elapsed=33.375654ms, fps=30, tick=24200)
17:04:43 [INFO] Arena cycle(elapsed=33.470455ms, fps=30, tick=24300)
17:04:47 [INFO] Arena cycle(elapsed=33.435016ms, fps=30, tick=24400)
17:04:50 [INFO] Arena cycle(elapsed=32.262367ms, fps=31, tick=24500)
17:04:53 [INFO] Arena cycle(elapsed=32.753839ms, fps=31, tick=24600)
17:04:57 [INFO] Arena cycle(elapsed=33.356561ms, fps=30, tick=24700)
17:05:00 [INFO] Arena cycle(elapsed=33.55056ms, fps=30, tick=24800)
17:05:03 [INFO] Arena cycle(elapsed=33.447849ms, fps=30, tick=24900)
17:05:07 [INFO] Arena cycle(elapsed=33.381799ms, fps=30, tick=25000)
17:05:10 [INFO] Arena cycle(elapsed=33.696219ms, fps=30, tick=25100)
17:05:13 [INFO] Arena cycle(elapsed=32.559399ms, fps=31, tick=25200)
17:05:16 [INFO] Arena cycle(elapsed=33.605521ms, fps=30, tick=25300)
17:05:19 [DEBUG] (6) tungstenite::protocol: Received close frame: Some(CloseFrame { code: Away, reason: "" })
17:05:19 [DEBUG] (6) tungstenite::protocol: Replying to close with Frame { header: FrameHeader { is_final: true, rsv1: false, rsv2: false, rsv3: false, opcode: Control(Close), mask: None }, payload: [3, 232] }
17:05:19 [INFO] closing socket for sending non-binary(uid=Some(9)): Close(Some(CloseFrame { code: Away, reason: "" }))
17:05:19 [DEBUG] (8) hyper::proto::h1::io: parsed 12 headers 
17:05:19 [DEBUG] (8) hyper::proto::h1::conn: incoming body is empty 
17:05:19 [DEBUG] (8) hyper::proto::h1::io: flushed 166 bytes 
17:05:19 [INFO] New connection: WebSocket
17:05:20 [INFO] Arena cycle(elapsed=32.747851ms, fps=31, tick=25400)
17:05:22 [DEBUG] (8) hyper::proto::h1::io: parsed 12 headers 
17:05:22 [DEBUG] (8) hyper::proto::h1::conn: incoming body is empty 
17:05:22 [DEBUG] (8) hyper::proto::h1::io: flushed 166 bytes 
17:05:22 [INFO] New connection: WebSocket
17:05:23 [INFO] Arena cycle(elapsed=33.256535ms, fps=30, tick=25500)
17:05:26 [INFO] Arena cycle(elapsed=32.48362ms, fps=31, tick=25600)
17:05:27 [INFO] Got spawn packet(uid=Some(12)): ball2
17:05:29 [DEBUG] (3) tungstenite::protocol: Received close frame: Some(CloseFrame { code: Away, reason: "" })
17:05:29 [DEBUG] (3) tungstenite::protocol: Replying to close with Frame { header: FrameHeader { is_final: true, rsv1: false, rsv2: false, rsv3: false, opcode: Control(Close), mask: None }, payload: [3, 232] }
17:05:29 [INFO] closing socket for sending non-binary(uid=Some(12)): Close(Some(CloseFrame { code: Away, reason: "" }))
17:05:30 [INFO] Arena cycle(elapsed=32.298392ms, fps=31, tick=25700)
17:05:33 [INFO] Arena cycle(elapsed=33.458969ms, fps=30, tick=25800)
17:05:36 [INFO] Arena cycle(elapsed=33.227367ms, fps=30, tick=25900)
17:05:40 [INFO] Arena cycle(elapsed=32.735928ms, fps=31, tick=26000)
17:05:43 [INFO] Arena cycle(elapsed=33.488196ms, fps=30, tick=26100)
17:05:46 [INFO] Arena cycle(elapsed=32.806796ms, fps=31, tick=26200)
17:05:49 [INFO] Arena cycle(elapsed=33.389496ms, fps=30, tick=26300)
17:05:53 [INFO] Arena cycle(elapsed=33.454646ms, fps=30, tick=26400)
17:05:55 [DEBUG] (7) tungstenite::protocol: Received close frame: Some(CloseFrame { code: Away, reason: "" })
17:05:55 [DEBUG] (7) tungstenite::protocol: Replying to close with Frame { header: FrameHeader { is_final: true, rsv1: false, rsv2: false, rsv3: false, opcode: Control(Close), mask: None }, payload: [3, 232] }
17:05:55 [INFO] closing socket for sending non-binary(uid=Some(11)): Close(Some(CloseFrame { code: Away, reason: "" }))
17:05:55 [DEBUG] (8) hyper::proto::h1::io: parsed 12 headers 
17:05:55 [DEBUG] (8) hyper::proto::h1::conn: incoming body is empty 
17:05:55 [DEBUG] (8) hyper::proto::h1::io: flushed 166 bytes 
17:05:55 [INFO] New connection: WebSocket
17:05:56 [INFO] Arena cycle(elapsed=32.88289ms, fps=31, tick=26500)
17:05:57 [DEBUG] (3) hyper::proto::h1::io: parsed 12 headers 
17:05:57 [DEBUG] (3) hyper::proto::h1::conn: incoming body is empty 
17:05:57 [DEBUG] (3) hyper::proto::h1::io: flushed 166 bytes 
17:05:57 [INFO] New connection: WebSocket
17:05:59 [INFO] Arena cycle(elapsed=33.260449ms, fps=30, tick=26600)
17:06:03 [INFO] Arena cycle(elapsed=32.981065ms, fps=31, tick=26700)
17:06:03 [INFO] Got spawn packet(uid=Some(14)): ball2
17:06:04 [DEBUG] (3) tungstenite::protocol: Received close frame: Some(CloseFrame { code: Away, reason: "" })
17:06:04 [DEBUG] (3) tungstenite::protocol: Replying to close with Frame { header: FrameHeader { is_final: true, rsv1: false, rsv2: false, rsv3: false, opcode: Control(Close), mask: None }, payload: [3, 232] }
17:06:04 [INFO] closing socket for sending non-binary(uid=Some(14)): Close(Some(CloseFrame { code: Away, reason: "" }))
17:06:06 [INFO] Arena cycle(elapsed=32.462044ms, fps=31, tick=26800)
17:06:09 [INFO] Arena cycle(elapsed=32.841849ms, fps=31, tick=26900)
17:06:13 [INFO] Arena cycle(elapsed=33.639288ms, fps=30, tick=27000)
17:06:16 [INFO] Arena cycle(elapsed=32.878416ms, fps=31, tick=27100)
17:06:19 [INFO] Arena cycle(elapsed=32.382431ms, fps=31, tick=27200)
17:06:22 [INFO] Arena cycle(elapsed=33.353086ms, fps=30, tick=27300)
17:06:26 [INFO] Arena cycle(elapsed=33.762973ms, fps=30, tick=27400)
17:06:29 [INFO] Arena cycle(elapsed=32.393486ms, fps=31, tick=27500)
17:06:32 [INFO] Arena cycle(elapsed=33.674528ms, fps=30, tick=27600)
17:06:36 [INFO] Arena cycle(elapsed=32.468837ms, fps=31, tick=27700)
17:06:39 [INFO] Arena cycle(elapsed=32.787673ms, fps=31, tick=27800)
17:06:42 [INFO] Arena cycle(elapsed=32.257943ms, fps=31, tick=27900)
17:06:46 [INFO] Arena cycle(elapsed=33.715359ms, fps=30, tick=28000)
17:06:49 [INFO] Arena cycle(elapsed=33.369003ms, fps=30, tick=28100)
17:06:52 [INFO] Arena cycle(elapsed=33.531469ms, fps=30, tick=28200)
17:06:55 [INFO] Arena cycle(elapsed=32.663096ms, fps=31, tick=28300)
17:06:59 [INFO] Arena cycle(elapsed=32.321784ms, fps=31, tick=28400)
17:07:02 [INFO] Arena cycle(elapsed=32.793856ms, fps=31, tick=28500)
17:07:05 [DEBUG] (8) tungstenite::protocol: Received close frame: Some(CloseFrame { code: Away, reason: "" })
17:07:05 [DEBUG] (8) tungstenite::protocol: Replying to close with Frame { header: FrameHeader { is_final: true, rsv1: false, rsv2: false, rsv3: false, opcode: Control(Close), mask: None }, payload: [3, 232] }
17:07:05 [INFO] closing socket for sending non-binary(uid=Some(13)): Close(Some(CloseFrame { code: Away, reason: "" }))
17:07:05 [DEBUG] (6) hyper::proto::h1::io: parsed 12 headers 
17:07:05 [DEBUG] (6) hyper::proto::h1::conn: incoming body is empty 
17:07:05 [DEBUG] (6) hyper::proto::h1::io: flushed 166 bytes 
17:07:05 [INFO] New connection: WebSocket
17:07:05 [INFO] Arena cycle(elapsed=33.688719ms, fps=30, tick=28600)
17:07:07 [DEBUG] (7) hyper::proto::h1::io: parsed 12 headers 
17:07:07 [DEBUG] (7) hyper::proto::h1::conn: incoming body is empty 
17:07:07 [DEBUG] (7) hyper::proto::h1::io: flushed 166 bytes 
17:07:07 [INFO] New connection: WebSocket
17:07:09 [INFO] Arena cycle(elapsed=33.475359ms, fps=30, tick=28700)
17:07:12 [INFO] Arena cycle(elapsed=33.608985ms, fps=30, tick=28800)
17:07:13 [INFO] Got spawn packet(uid=Some(16)): ball2
17:07:15 [INFO] Arena cycle(elapsed=32.453205ms, fps=31, tick=28900)
17:07:15 [DEBUG] (3) tungstenite::protocol: Received close frame: Some(CloseFrame { code: Away, reason: "" })
17:07:15 [DEBUG] (3) tungstenite::protocol: Replying to close with Frame { header: FrameHeader { is_final: true, rsv1: false, rsv2: false, rsv3: false, opcode: Control(Close), mask: None }, payload: [3, 232] }
17:07:15 [INFO] closing socket for sending non-binary(uid=Some(16)): Close(Some(CloseFrame { code: Away, reason: "" }))
17:07:19 [INFO] Arena cycle(elapsed=32.728364ms, fps=31, tick=29000)
17:07:22 [INFO] Arena cycle(elapsed=32.379754ms, fps=31, tick=29100)
17:07:25 [INFO] Arena cycle(elapsed=33.396122ms, fps=30, tick=29200)
17:07:28 [INFO] Arena cycle(elapsed=33.483473ms, fps=30, tick=29300)
17:07:32 [INFO] Arena cycle(elapsed=32.808648ms, fps=31, tick=29400)
17:07:35 [INFO] Arena cycle(elapsed=33.317396ms, fps=30, tick=29500)
17:07:38 [INFO] Arena cycle(elapsed=32.520658ms, fps=31, tick=29600)
17:07:42 [INFO] Arena cycle(elapsed=32.542484ms, fps=31, tick=29700)
17:07:45 [INFO] Arena cycle(elapsed=32.337561ms, fps=31, tick=29800)
17:07:48 [INFO] Arena cycle(elapsed=33.400602ms, fps=30, tick=29900)
17:07:52 [INFO] Arena cycle(elapsed=33.232905ms, fps=30, tick=30000)
17:07:55 [INFO] Arena cycle(elapsed=32.456629ms, fps=31, tick=30100)
17:07:58 [INFO] Arena cycle(elapsed=33.509479ms, fps=30, tick=30200)
17:08:01 [INFO] Arena cycle(elapsed=33.632699ms, fps=30, tick=30300)
17:08:05 [INFO] Arena cycle(elapsed=32.538895ms, fps=31, tick=30400)
17:08:08 [INFO] Arena cycle(elapsed=32.305184ms, fps=31, tick=30500)
17:08:11 [INFO] Arena cycle(elapsed=32.643226ms, fps=31, tick=30600)
17:08:15 [INFO] Arena cycle(elapsed=32.411952ms, fps=31, tick=30700)
17:08:18 [INFO] Arena cycle(elapsed=32.738191ms, fps=31, tick=30800)
17:08:21 [INFO] Arena cycle(elapsed=33.451539ms, fps=30, tick=30900)
17:08:25 [INFO] Arena cycle(elapsed=32.661824ms, fps=31, tick=31000)
17:08:28 [INFO] Arena cycle(elapsed=33.307227ms, fps=30, tick=31100)
17:08:31 [INFO] Arena cycle(elapsed=32.845035ms, fps=31, tick=31200)
17:08:34 [INFO] Arena cycle(elapsed=32.839864ms, fps=31, tick=31300)
17:08:38 [INFO] Arena cycle(elapsed=33.492362ms, fps=30, tick=31400)
17:08:41 [INFO] Arena cycle(elapsed=32.810988ms, fps=31, tick=31500)
17:08:44 [INFO] Arena cycle(elapsed=32.477102ms, fps=31, tick=31600)
17:08:48 [INFO] Arena cycle(elapsed=33.001333ms, fps=30, tick=31700)
17:08:51 [INFO] Arena cycle(elapsed=33.363256ms, fps=30, tick=31800)
17:08:54 [INFO] Arena cycle(elapsed=32.908337ms, fps=31, tick=31900)
17:08:58 [INFO] Arena cycle(elapsed=32.275376ms, fps=31, tick=32000)
17:09:01 [INFO] Arena cycle(elapsed=33.266646ms, fps=30, tick=32100)
17:09:04 [INFO] Arena cycle(elapsed=32.588693ms, fps=31, tick=32200)
17:09:07 [INFO] Arena cycle(elapsed=33.294379ms, fps=30, tick=32300)
17:09:11 [INFO] Arena cycle(elapsed=32.834724ms, fps=31, tick=32400)
17:09:14 [INFO] Arena cycle(elapsed=33.528018ms, fps=30, tick=32500)
17:09:17 [INFO] Arena cycle(elapsed=32.569402ms, fps=31, tick=32600)
17:09:21 [INFO] Arena cycle(elapsed=33.255686ms, fps=30, tick=32700)
17:09:24 [INFO] Arena cycle(elapsed=32.320915ms, fps=31, tick=32800)
17:09:27 [INFO] Arena cycle(elapsed=33.44804ms, fps=30, tick=32900)
17:09:31 [INFO] Arena cycle(elapsed=32.567449ms, fps=31, tick=33000)
17:09:34 [DEBUG] (7) tungstenite::protocol: Received close frame: Some(CloseFrame { code: Away, reason: "" })
17:09:34 [DEBUG] (7) tungstenite::protocol: Replying to close with Frame { header: FrameHeader { is_final: true, rsv1: false, rsv2: false, rsv3: false, opcode: Control(Close), mask: None }, payload: [3, 232] }
17:09:34 [INFO] closing socket for sending non-binary(uid=Some(15)): Close(Some(CloseFrame { code: Away, reason: "" }))
17:09:34 [INFO] Arena cycle(elapsed=33.60266ms, fps=30, tick=33100)
17:09:34 [DEBUG] (7) hyper::proto::h1::io: parsed 12 headers 
17:09:34 [DEBUG] (7) hyper::proto::h1::conn: incoming body is empty 
17:09:34 [DEBUG] (7) hyper::proto::h1::io: flushed 166 bytes 
17:09:34 [INFO] New connection: WebSocket
17:09:37 [INFO] Arena cycle(elapsed=32.230952ms, fps=31, tick=33200)
17:09:40 [INFO] Arena cycle(elapsed=32.381991ms, fps=31, tick=33300)
17:09:42 [DEBUG] (3) hyper::proto::h1::io: parsed 12 headers 
17:09:42 [DEBUG] (3) hyper::proto::h1::conn: incoming body is empty 
17:09:42 [DEBUG] (3) hyper::proto::h1::io: flushed 166 bytes 
17:09:42 [INFO] New connection: WebSocket
17:09:44 [INFO] Arena cycle(elapsed=33.678364ms, fps=30, tick=33400)
17:09:46 [INFO] Got spawn packet(uid=Some(18)): ball2
17:09:47 [INFO] Arena cycle(elapsed=32.84633ms, fps=31, tick=33500)
17:09:49 [DEBUG] (6) tungstenite::protocol: Received close frame: Some(CloseFrame { code: Away, reason: "" })
17:09:49 [DEBUG] (6) tungstenite::protocol: Replying to close with Frame { header: FrameHeader { is_final: true, rsv1: false, rsv2: false, rsv3: false, opcode: Control(Close), mask: None }, payload: [3, 232] }
17:09:49 [INFO] closing socket for sending non-binary(uid=Some(18)): Close(Some(CloseFrame { code: Away, reason: "" }))
17:09:50 [INFO] Arena cycle(elapsed=32.470862ms, fps=31, tick=33600)
17:09:54 [INFO] Arena cycle(elapsed=33.234458ms, fps=30, tick=33700)
17:09:57 [INFO] Arena cycle(elapsed=32.942449ms, fps=31, tick=33800)
17:10:00 [INFO] Arena cycle(elapsed=33.249505ms, fps=30, tick=33900)
17:10:04 [INFO] Arena cycle(elapsed=32.323618ms, fps=31, tick=34000)
17:10:07 [INFO] Arena cycle(elapsed=33.258801ms, fps=30, tick=34100)
17:10:10 [INFO] Arena cycle(elapsed=33.732789ms, fps=30, tick=34200)
17:10:13 [INFO] Arena cycle(elapsed=32.550895ms, fps=31, tick=34300)
17:10:17 [INFO] Arena cycle(elapsed=32.431067ms, fps=31, tick=34400)
17:10:20 [INFO] Arena cycle(elapsed=33.416408ms, fps=30, tick=34500)
17:10:23 [INFO] Arena cycle(elapsed=32.352574ms, fps=31, tick=34600)
17:10:24 [DEBUG] (8) tungstenite::protocol: Received close frame: Some(CloseFrame { code: Away, reason: "" })
17:10:24 [DEBUG] (8) tungstenite::protocol: Replying to close with Frame { header: FrameHeader { is_final: true, rsv1: false, rsv2: false, rsv3: false, opcode: Control(Close), mask: None }, payload: [3, 232] }
17:10:24 [INFO] closing socket for sending non-binary(uid=Some(17)): Close(Some(CloseFrame { code: Away, reason: "" }))
17:10:25 [DEBUG] (3) hyper::proto::h1::io: parsed 12 headers 
17:10:25 [DEBUG] (3) hyper::proto::h1::conn: incoming body is empty 
17:10:25 [DEBUG] (3) hyper::proto::h1::io: flushed 166 bytes 
17:10:25 [INFO] New connection: WebSocket
17:10:27 [INFO] Arena cycle(elapsed=32.732713ms, fps=31, tick=34700)
17:10:30 [INFO] Arena cycle(elapsed=32.37818ms, fps=31, tick=34800)
17:10:33 [INFO] Arena cycle(elapsed=32.441462ms, fps=31, tick=34900)
17:10:37 [INFO] Arena cycle(elapsed=33.674077ms, fps=30, tick=35000)
17:10:37 [DEBUG] (6) hyper::proto::h1::io: parsed 12 headers 
17:10:37 [DEBUG] (6) hyper::proto::h1::conn: incoming body is empty 
17:10:37 [DEBUG] (6) hyper::proto::h1::io: flushed 166 bytes 
17:10:37 [INFO] New connection: WebSocket
17:10:40 [INFO] Arena cycle(elapsed=33.612897ms, fps=30, tick=35100)
17:10:43 [INFO] Arena cycle(elapsed=32.843113ms, fps=31, tick=35200)
17:10:46 [INFO] Arena cycle(elapsed=32.467876ms, fps=31, tick=35300)
17:10:50 [INFO] Arena cycle(elapsed=32.574898ms, fps=31, tick=35400)
17:10:53 [INFO] Arena cycle(elapsed=32.573836ms, fps=31, tick=35500)
17:10:56 [INFO] Arena cycle(elapsed=32.370746ms, fps=31, tick=35600)
17:11:00 [INFO] Arena cycle(elapsed=32.59726ms, fps=31, tick=35700)
17:11:03 [INFO] Arena cycle(elapsed=33.725736ms, fps=30, tick=35800)
17:11:06 [INFO] Arena cycle(elapsed=33.42534ms, fps=30, tick=35900)
17:11:10 [INFO] Arena cycle(elapsed=32.555222ms, fps=31, tick=36000)
17:11:13 [INFO] Arena cycle(elapsed=32.489583ms, fps=31, tick=36100)
17:11:16 [INFO] Arena cycle(elapsed=32.12073ms, fps=31, tick=36200)
17:11:19 [INFO] Arena cycle(elapsed=32.645379ms, fps=31, tick=36300)
17:11:23 [INFO] Arena cycle(elapsed=32.397732ms, fps=31, tick=36400)
17:11:26 [INFO] Arena cycle(elapsed=32.611032ms, fps=31, tick=36500)
17:11:27 [DEBUG] (8) tungstenite::protocol: Received close frame: Some(CloseFrame { code: Away, reason: "" })
17:11:27 [DEBUG] (8) tungstenite::protocol: Replying to close with Frame { header: FrameHeader { is_final: true, rsv1: false, rsv2: false, rsv3: false, opcode: Control(Close), mask: None }, payload: [3, 232] }
17:11:27 [INFO] closing socket for sending non-binary(uid=Some(20)): Close(Some(CloseFrame { code: Away, reason: "" }))
17:11:27 [DEBUG] (3) hyper::proto::h1::io: parsed 12 headers 
17:11:27 [DEBUG] (3) hyper::proto::h1::conn: incoming body is empty 
17:11:27 [DEBUG] (3) hyper::proto::h1::io: flushed 166 bytes 
17:11:27 [INFO] New connection: WebSocket
17:11:29 [INFO] Arena cycle(elapsed=32.796843ms, fps=31, tick=36600)
17:11:32 [DEBUG] (6) tungstenite::protocol: Received close frame: Some(CloseFrame { code: Away, reason: "" })
17:11:32 [DEBUG] (6) tungstenite::protocol: Replying to close with Frame { header: FrameHeader { is_final: true, rsv1: false, rsv2: false, rsv3: false, opcode: Control(Close), mask: None }, payload: [3, 232] }
17:11:32 [INFO] closing socket for sending non-binary(uid=Some(19)): Close(Some(CloseFrame { code: Away, reason: "" }))
17:11:32 [DEBUG] (6) hyper::proto::h1::io: parsed 12 headers 
17:11:32 [DEBUG] (6) hyper::proto::h1::conn: incoming body is empty 
17:11:32 [DEBUG] (6) hyper::proto::h1::io: flushed 166 bytes 
17:11:32 [INFO] New connection: WebSocket
17:11:33 [INFO] Arena cycle(elapsed=32.598194ms, fps=31, tick=36700)
17:11:36 [INFO] Arena cycle(elapsed=33.177245ms, fps=30, tick=36800)
17:11:39 [INFO] Arena cycle(elapsed=33.082386ms, fps=30, tick=36900)
17:11:42 [INFO] Got spawn packet(uid=Some(22)): ball2
17:11:43 [INFO] Arena cycle(elapsed=33.360977ms, fps=30, tick=37000)
17:11:46 [INFO] Arena cycle(elapsed=33.350274ms, fps=30, tick=37100)
17:11:49 [INFO] Arena cycle(elapsed=32.729406ms, fps=31, tick=37200)
17:11:52 [INFO] Arena cycle(elapsed=32.994756ms, fps=31, tick=37300)
17:11:56 [INFO] Arena cycle(elapsed=33.088181ms, fps=30, tick=37400)
17:11:59 [INFO] Arena cycle(elapsed=33.210929ms, fps=30, tick=37500)
17:12:02 [INFO] Arena cycle(elapsed=32.646986ms, fps=31, tick=37600)
17:12:06 [INFO] Arena cycle(elapsed=33.414617ms, fps=30, tick=37700)
17:12:09 [INFO] Arena cycle(elapsed=33.733793ms, fps=30, tick=37800)
17:12:12 [INFO] Arena cycle(elapsed=33.041759ms, fps=30, tick=37900)
17:12:16 [INFO] Arena cycle(elapsed=33.392868ms, fps=30, tick=38000)
17:12:19 [INFO] Arena cycle(elapsed=33.186093ms, fps=30, tick=38100)
17:12:22 [INFO] Arena cycle(elapsed=33.654778ms, fps=30, tick=38200)
17:12:25 [DEBUG] (6) tungstenite::protocol: Received close frame: Some(CloseFrame { code: Away, reason: "" })
17:12:25 [DEBUG] (6) tungstenite::protocol: Replying to close with Frame { header: FrameHeader { is_final: true, rsv1: false, rsv2: false, rsv3: false, opcode: Control(Close), mask: None }, payload: [3, 232] }
17:12:25 [INFO] closing socket for sending non-binary(uid=Some(22)): Close(Some(CloseFrame { code: Away, reason: "" }))
17:12:25 [INFO] Arena cycle(elapsed=32.816219ms, fps=31, tick=38300)
17:12:26 [DEBUG] (3) hyper::proto::h1::io: parsed 12 headers 
17:12:26 [DEBUG] (3) hyper::proto::h1::conn: incoming body is empty 
17:12:26 [DEBUG] (3) hyper::proto::h1::io: flushed 166 bytes 
17:12:26 [INFO] New connection: WebSocket
17:12:26 [DEBUG] (8) tungstenite::protocol: Received close frame: Some(CloseFrame { code: Away, reason: "" })
17:12:26 [DEBUG] (8) tungstenite::protocol: Replying to close with Frame { header: FrameHeader { is_final: true, rsv1: false, rsv2: false, rsv3: false, opcode: Control(Close), mask: None }, payload: [3, 232] }
17:12:26 [INFO] closing socket for sending non-binary(uid=Some(21)): Close(Some(CloseFrame { code: Away, reason: "" }))
17:12:27 [DEBUG] (8) hyper::proto::h1::io: parsed 12 headers 
17:12:27 [DEBUG] (8) hyper::proto::h1::conn: incoming body is empty 
17:12:27 [DEBUG] (8) hyper::proto::h1::io: flushed 166 bytes 
17:12:27 [INFO] New connection: WebSocket
17:12:29 [INFO] Arena cycle(elapsed=32.996054ms, fps=31, tick=38400)
17:12:30 [INFO] Got spawn packet(uid=Some(24)): ball2
17:12:32 [INFO] Arena cycle(elapsed=33.424462ms, fps=30, tick=38500)
17:12:32 [DEBUG] (6) tungstenite::protocol: Received close frame: Some(CloseFrame { code: Away, reason: "" })
17:12:32 [DEBUG] (6) tungstenite::protocol: Replying to close with Frame { header: FrameHeader { is_final: true, rsv1: false, rsv2: false, rsv3: false, opcode: Control(Close), mask: None }, payload: [3, 232] }
17:12:32 [INFO] closing socket for sending non-binary(uid=Some(24)): Close(Some(CloseFrame { code: Away, reason: "" }))
17:12:35 [INFO] Arena cycle(elapsed=33.356808ms, fps=30, tick=38600)
17:12:39 [INFO] Arena cycle(elapsed=32.717169ms, fps=31, tick=38700)
17:12:42 [INFO] Arena cycle(elapsed=33.36867ms, fps=30, tick=38800)
17:12:45 [INFO] Arena cycle(elapsed=33.322851ms, fps=30, tick=38900)
17:12:49 [INFO] Arena cycle(elapsed=33.450065ms, fps=30, tick=39000)
17:12:52 [INFO] Arena cycle(elapsed=32.322982ms, fps=31, tick=39100)
17:12:55 [INFO] Arena cycle(elapsed=33.513769ms, fps=30, tick=39200)
17:12:58 [INFO] Arena cycle(elapsed=33.658527ms, fps=30, tick=39300)
17:13:02 [INFO] Arena cycle(elapsed=33.242766ms, fps=30, tick=39400)
17:13:05 [INFO] Arena cycle(elapsed=32.424182ms, fps=31, tick=39500)
17:13:08 [INFO] Arena cycle(elapsed=32.530733ms, fps=31, tick=39600)
17:13:12 [INFO] Arena cycle(elapsed=33.712626ms, fps=30, tick=39700)
17:13:15 [INFO] Arena cycle(elapsed=32.379862ms, fps=31, tick=39800)
17:13:18 [INFO] Arena cycle(elapsed=32.735738ms, fps=31, tick=39900)
17:13:21 [DEBUG] (6) tungstenite::protocol: Received close frame: Some(CloseFrame { code: Away, reason: "" })
17:13:21 [DEBUG] (6) tungstenite::protocol: Replying to close with Frame { header: FrameHeader { is_final: true, rsv1: false, rsv2: false, rsv3: false, opcode: Control(Close), mask: None }, payload: [3, 232] }
17:13:21 [INFO] closing socket for sending non-binary(uid=Some(23)): Close(Some(CloseFrame { code: Away, reason: "" }))
17:13:22 [INFO] Arena cycle(elapsed=33.266994ms, fps=30, tick=40000)
17:13:22 [DEBUG] (7) hyper::proto::h1::io: parsed 12 headers 
17:13:22 [DEBUG] (7) hyper::proto::h1::conn: incoming body is empty 
17:13:22 [DEBUG] (7) hyper::proto::h1::io: flushed 166 bytes 
17:13:22 [INFO] New connection: WebSocket
17:13:25 [INFO] Arena cycle(elapsed=32.928949ms, fps=31, tick=40100)
17:13:28 [INFO] Arena cycle(elapsed=33.411974ms, fps=30, tick=40200)
17:13:29 [DEBUG] (7) hyper::proto::h1::io: parsed 12 headers 
17:13:29 [DEBUG] (7) hyper::proto::h1::conn: incoming body is empty 
17:13:29 [DEBUG] (7) hyper::proto::h1::io: flushed 166 bytes 
17:13:29 [INFO] New connection: WebSocket
17:13:31 [INFO] Arena cycle(elapsed=33.477772ms, fps=30, tick=40300)
17:13:33 [INFO] Got spawn packet(uid=Some(26)): ball2
17:13:35 [INFO] Arena cycle(elapsed=32.791063ms, fps=31, tick=40400)
17:13:35 [DEBUG] (6) tungstenite::protocol: Received close frame: Some(CloseFrame { code: Away, reason: "" })
17:13:35 [DEBUG] (6) tungstenite::protocol: Replying to close with Frame { header: FrameHeader { is_final: true, rsv1: false, rsv2: false, rsv3: false, opcode: Control(Close), mask: None }, payload: [3, 232] }
17:13:35 [INFO] closing socket for sending non-binary(uid=Some(26)): Close(Some(CloseFrame { code: Away, reason: "" }))
17:13:38 [INFO] Arena cycle(elapsed=34.154774ms, fps=29, tick=40500)
17:13:41 [INFO] Arena cycle(elapsed=32.802966ms, fps=31, tick=40600)
17:13:45 [INFO] Arena cycle(elapsed=32.680546ms, fps=31, tick=40700)
17:13:48 [INFO] Arena cycle(elapsed=33.565477ms, fps=30, tick=40800)
17:13:51 [INFO] Arena cycle(elapsed=32.449824ms, fps=31, tick=40900)
17:13:55 [INFO] Arena cycle(elapsed=32.38989ms, fps=31, tick=41000)
17:13:55 [DEBUG] (7) tungstenite::protocol: Received close frame: Some(CloseFrame { code: Away, reason: "" })
17:13:55 [DEBUG] (7) tungstenite::protocol: Replying to close with Frame { header: FrameHeader { is_final: true, rsv1: false, rsv2: false, rsv3: false, opcode: Control(Close), mask: None }, payload: [3, 232] }
17:13:55 [INFO] closing socket for sending non-binary(uid=Some(25)): Close(Some(CloseFrame { code: Away, reason: "" }))
17:13:58 [INFO] Arena cycle(elapsed=33.387014ms, fps=30, tick=41100)
17:14:01 [INFO] Arena cycle(elapsed=33.250616ms, fps=30, tick=41200)
17:14:04 [INFO] Arena cycle(elapsed=32.551176ms, fps=31, tick=41300)
17:14:08 [INFO] Arena cycle(elapsed=32.493562ms, fps=31, tick=41400)
17:14:11 [INFO] Arena cycle(elapsed=32.445599ms, fps=31, tick=41500)
17:14:14 [INFO] Arena cycle(elapsed=33.360177ms, fps=30, tick=41600)
17:14:18 [INFO] Arena cycle(elapsed=32.233129ms, fps=31, tick=41700)
17:14:21 [INFO] Arena cycle(elapsed=33.498688ms, fps=30, tick=41800)
17:14:21 [DEBUG] (3) hyper::proto::h1::io: parsed 12 headers 
17:14:21 [DEBUG] (3) hyper::proto::h1::conn: incoming body is empty 
17:14:21 [DEBUG] (3) hyper::proto::h1::io: flushed 166 bytes 
17:14:21 [INFO] New connection: WebSocket
17:14:24 [DEBUG] (3) hyper::proto::h1::io: parsed 12 headers 
17:14:24 [DEBUG] (3) hyper::proto::h1::conn: incoming body is empty 
17:14:24 [DEBUG] (3) hyper::proto::h1::io: flushed 166 bytes 
17:14:24 [INFO] New connection: WebSocket
17:14:24 [INFO] Arena cycle(elapsed=32.392683ms, fps=31, tick=41900)
17:14:28 [INFO] Arena cycle(elapsed=32.217291ms, fps=31, tick=42000)
17:14:28 [INFO] Got spawn packet(uid=Some(28)): ball2
17:14:30 [DEBUG] (3) tungstenite::protocol: Received close frame: Some(CloseFrame { code: Away, reason: "" })
17:14:30 [DEBUG] (3) tungstenite::protocol: Replying to close with Frame { header: FrameHeader { is_final: true, rsv1: false, rsv2: false, rsv3: false, opcode: Control(Close), mask: None }, payload: [3, 232] }
17:14:30 [INFO] closing socket for sending non-binary(uid=Some(28)): Close(Some(CloseFrame { code: Away, reason: "" }))
17:14:31 [INFO] Arena cycle(elapsed=33.252806ms, fps=30, tick=42100)
17:14:34 [INFO] Arena cycle(elapsed=32.55866ms, fps=31, tick=42200)
17:14:37 [INFO] Arena cycle(elapsed=32.712791ms, fps=31, tick=42300)
17:14:41 [INFO] Arena cycle(elapsed=33.500956ms, fps=30, tick=42400)
17:14:44 [INFO] Arena cycle(elapsed=32.926879ms, fps=31, tick=42500)
17:14:47 [INFO] Arena cycle(elapsed=33.406808ms, fps=30, tick=42600)
17:14:51 [INFO] Arena cycle(elapsed=32.740306ms, fps=31, tick=42700)
17:14:54 [INFO] Arena cycle(elapsed=32.427454ms, fps=31, tick=42800)
17:14:57 [INFO] Arena cycle(elapsed=32.788238ms, fps=31, tick=42900)
17:15:01 [INFO] Arena cycle(elapsed=32.29897ms, fps=31, tick=43000)
17:15:04 [INFO] Arena cycle(elapsed=32.407665ms, fps=31, tick=43100)
17:15:07 [INFO] Arena cycle(elapsed=32.547176ms, fps=31, tick=43200)
17:15:10 [INFO] Arena cycle(elapsed=32.535593ms, fps=31, tick=43300)
17:15:14 [INFO] Arena cycle(elapsed=32.717607ms, fps=31, tick=43400)
17:15:17 [INFO] Arena cycle(elapsed=32.586741ms, fps=31, tick=43500)
17:15:20 [INFO] Arena cycle(elapsed=33.745822ms, fps=30, tick=43600)
17:15:24 [INFO] Arena cycle(elapsed=33.280248ms, fps=30, tick=43700)
17:15:27 [INFO] Arena cycle(elapsed=33.467069ms, fps=30, tick=43800)
17:15:30 [INFO] Arena cycle(elapsed=33.293158ms, fps=30, tick=43900)
17:15:34 [INFO] Arena cycle(elapsed=33.371886ms, fps=30, tick=44000)
17:15:37 [INFO] Arena cycle(elapsed=32.510033ms, fps=31, tick=44100)
17:15:40 [INFO] Arena cycle(elapsed=33.246634ms, fps=30, tick=44200)
17:15:43 [INFO] Arena cycle(elapsed=33.646095ms, fps=30, tick=44300)
17:15:47 [INFO] Arena cycle(elapsed=33.164953ms, fps=30, tick=44400)
17:15:50 [INFO] Arena cycle(elapsed=33.337182ms, fps=30, tick=44500)
17:15:53 [INFO] Arena cycle(elapsed=33.45065ms, fps=30, tick=44600)
17:15:57 [INFO] Arena cycle(elapsed=33.393324ms, fps=30, tick=44700)
17:16:00 [INFO] Arena cycle(elapsed=33.333856ms, fps=30, tick=44800)
17:16:03 [INFO] Arena cycle(elapsed=33.283737ms, fps=30, tick=44900)
17:16:07 [INFO] Arena cycle(elapsed=32.577395ms, fps=31, tick=45000)
17:16:10 [INFO] Arena cycle(elapsed=32.269574ms, fps=31, tick=45100)
17:16:11 [DEBUG] (3) tungstenite::protocol: Received close frame: Some(CloseFrame { code: Away, reason: "" })
17:16:11 [DEBUG] (3) tungstenite::protocol: Replying to close with Frame { header: FrameHeader { is_final: true, rsv1: false, rsv2: false, rsv3: false, opcode: Control(Close), mask: None }, payload: [3, 232] }
17:16:11 [INFO] closing socket for sending non-binary(uid=Some(27)): Close(Some(CloseFrame { code: Away, reason: "" }))
17:16:12 [DEBUG] (6) hyper::proto::h1::io: parsed 12 headers 
17:16:12 [DEBUG] (6) hyper::proto::h1::conn: incoming body is empty 
17:16:12 [DEBUG] (6) hyper::proto::h1::io: flushed 166 bytes 
17:16:12 [INFO] New connection: WebSocket
17:16:13 [INFO] Arena cycle(elapsed=33.529514ms, fps=30, tick=45200)
17:16:16 [INFO] Arena cycle(elapsed=33.671553ms, fps=30, tick=45300)
17:16:20 [INFO] Arena cycle(elapsed=33.632021ms, fps=30, tick=45400)
17:16:23 [INFO] Arena cycle(elapsed=32.561395ms, fps=31, tick=45500)
17:16:26 [INFO] Arena cycle(elapsed=33.292581ms, fps=30, tick=45600)
17:16:30 [INFO] Arena cycle(elapsed=33.766359ms, fps=30, tick=45700)
17:16:33 [INFO] Arena cycle(elapsed=33.248326ms, fps=30, tick=45800)
17:16:36 [INFO] Arena cycle(elapsed=33.323362ms, fps=30, tick=45900)
17:16:40 [INFO] Arena cycle(elapsed=33.416469ms, fps=30, tick=46000)
17:16:43 [INFO] Arena cycle(elapsed=33.856047ms, fps=30, tick=46100)
17:16:46 [INFO] Arena cycle(elapsed=32.626158ms, fps=31, tick=46200)
17:16:49 [INFO] Arena cycle(elapsed=32.575335ms, fps=31, tick=46300)
17:16:53 [INFO] Arena cycle(elapsed=33.650838ms, fps=30, tick=46400)
17:16:56 [INFO] Arena cycle(elapsed=33.658362ms, fps=30, tick=46500)
17:16:59 [INFO] Arena cycle(elapsed=32.693045ms, fps=31, tick=46600)
17:17:03 [INFO] Arena cycle(elapsed=33.638104ms, fps=30, tick=46700)
17:17:06 [INFO] Arena cycle(elapsed=32.976452ms, fps=31, tick=46800)
17:17:09 [INFO] Arena cycle(elapsed=33.475682ms, fps=30, tick=46900)
17:17:13 [INFO] Arena cycle(elapsed=32.897053ms, fps=31, tick=47000)
17:17:16 [INFO] Arena cycle(elapsed=32.773671ms, fps=31, tick=47100)
17:17:19 [INFO] Arena cycle(elapsed=33.006507ms, fps=30, tick=47200)
17:17:22 [INFO] Arena cycle(elapsed=33.068973ms, fps=30, tick=47300)
17:17:26 [INFO] Arena cycle(elapsed=33.65817ms, fps=30, tick=47400)
17:17:29 [INFO] Arena cycle(elapsed=32.884094ms, fps=31, tick=47500)
17:17:32 [INFO] Arena cycle(elapsed=31.847611ms, fps=32, tick=47600)
17:17:36 [INFO] Arena cycle(elapsed=32.624297ms, fps=31, tick=47700)
17:17:39 [INFO] Arena cycle(elapsed=33.604495ms, fps=30, tick=47800)
17:17:42 [INFO] Arena cycle(elapsed=32.527264ms, fps=31, tick=47900)
17:17:46 [INFO] Arena cycle(elapsed=33.517818ms, fps=30, tick=48000)
17:17:49 [INFO] Arena cycle(elapsed=33.334924ms, fps=30, tick=48100)
17:17:52 [INFO] Arena cycle(elapsed=32.417014ms, fps=31, tick=48200)
17:17:55 [INFO] Arena cycle(elapsed=33.175187ms, fps=30, tick=48300)
17:17:59 [INFO] Arena cycle(elapsed=32.4763ms, fps=31, tick=48400)
17:18:02 [INFO] Arena cycle(elapsed=32.967171ms, fps=31, tick=48500)
17:18:05 [INFO] Arena cycle(elapsed=32.530058ms, fps=31, tick=48600)
17:18:09 [INFO] Arena cycle(elapsed=32.949711ms, fps=31, tick=48700)
17:18:12 [INFO] Arena cycle(elapsed=32.1302ms, fps=31, tick=48800)
17:18:15 [INFO] Arena cycle(elapsed=32.623929ms, fps=31, tick=48900)
17:18:19 [INFO] Arena cycle(elapsed=33.228598ms, fps=30, tick=49000)
17:18:22 [INFO] Arena cycle(elapsed=32.414227ms, fps=31, tick=49100)
17:18:25 [INFO] Arena cycle(elapsed=33.42463ms, fps=30, tick=49200)
17:18:28 [INFO] Arena cycle(elapsed=32.072872ms, fps=31, tick=49300)
17:18:32 [INFO] Arena cycle(elapsed=33.534435ms, fps=30, tick=49400)
17:18:35 [INFO] Arena cycle(elapsed=33.217143ms, fps=30, tick=49500)
17:18:38 [INFO] Arena cycle(elapsed=32.93054ms, fps=31, tick=49600)
17:18:42 [INFO] Arena cycle(elapsed=33.507543ms, fps=30, tick=49700)
17:18:45 [INFO] Arena cycle(elapsed=32.293421ms, fps=31, tick=49800)
17:18:48 [INFO] Arena cycle(elapsed=33.233ms, fps=30, tick=49900)
17:18:52 [INFO] Arena cycle(elapsed=32.612797ms, fps=31, tick=50000)
17:18:55 [INFO] Arena cycle(elapsed=33.510169ms, fps=30, tick=50100)
17:18:58 [INFO] Arena cycle(elapsed=32.340576ms, fps=31, tick=50200)
17:19:01 [INFO] Arena cycle(elapsed=32.537938ms, fps=31, tick=50300)
17:19:05 [INFO] Arena cycle(elapsed=32.379003ms, fps=31, tick=50400)
17:19:08 [INFO] Arena cycle(elapsed=33.69506ms, fps=30, tick=50500)
17:19:11 [INFO] Arena cycle(elapsed=33.128195ms, fps=30, tick=50600)
17:19:15 [INFO] Arena cycle(elapsed=33.364195ms, fps=30, tick=50700)
17:19:18 [INFO] Arena cycle(elapsed=33.161728ms, fps=30, tick=50800)
17:19:21 [INFO] Arena cycle(elapsed=33.424354ms, fps=30, tick=50900)
17:19:25 [INFO] Arena cycle(elapsed=32.552565ms, fps=31, tick=51000)
17:19:28 [INFO] Arena cycle(elapsed=32.72934ms, fps=31, tick=51100)
17:19:31 [INFO] Arena cycle(elapsed=33.470887ms, fps=30, tick=51200)
17:19:34 [INFO] Arena cycle(elapsed=32.739476ms, fps=31, tick=51300)
17:19:38 [INFO] Arena cycle(elapsed=32.763226ms, fps=31, tick=51400)
17:19:41 [INFO] Arena cycle(elapsed=33.543857ms, fps=30, tick=51500)
17:19:44 [INFO] Arena cycle(elapsed=33.875157ms, fps=30, tick=51600)
17:19:48 [INFO] Arena cycle(elapsed=33.121232ms, fps=30, tick=51700)
17:19:51 [INFO] Arena cycle(elapsed=32.951587ms, fps=31, tick=51800)
17:19:54 [INFO] Arena cycle(elapsed=32.538415ms, fps=31, tick=51900)
17:19:58 [INFO] Arena cycle(elapsed=32.986043ms, fps=31, tick=52000)
17:20:01 [INFO] Arena cycle(elapsed=32.893121ms, fps=31, tick=52100)
17:20:04 [INFO] Arena cycle(elapsed=32.608929ms, fps=31, tick=52200)
17:20:07 [INFO] Arena cycle(elapsed=32.741448ms, fps=31, tick=52300)
17:20:11 [INFO] Arena cycle(elapsed=33.3454ms, fps=30, tick=52400)
17:20:14 [INFO] Arena cycle(elapsed=32.887882ms, fps=31, tick=52500)
17:20:17 [INFO] Arena cycle(elapsed=33.265531ms, fps=30, tick=52600)
17:20:21 [INFO] Arena cycle(elapsed=33.06764ms, fps=30, tick=52700)
17:20:24 [INFO] Arena cycle(elapsed=32.311152ms, fps=31, tick=52800)
17:20:27 [INFO] Arena cycle(elapsed=33.255739ms, fps=30, tick=52900)
17:20:31 [INFO] Arena cycle(elapsed=32.856304ms, fps=31, tick=53000)
17:20:34 [INFO] Arena cycle(elapsed=33.371935ms, fps=30, tick=53100)
17:20:37 [INFO] Arena cycle(elapsed=33.646655ms, fps=30, tick=53200)
17:20:40 [INFO] Arena cycle(elapsed=33.187746ms, fps=30, tick=53300)
17:20:44 [INFO] Arena cycle(elapsed=32.603344ms, fps=31, tick=53400)
17:20:47 [INFO] Arena cycle(elapsed=32.672596ms, fps=31, tick=53500)
17:20:50 [INFO] Arena cycle(elapsed=32.638069ms, fps=31, tick=53600)
17:20:54 [INFO] Arena cycle(elapsed=32.701577ms, fps=31, tick=53700)
17:20:57 [INFO] Arena cycle(elapsed=33.438525ms, fps=30, tick=53800)
17:21:00 [INFO] Arena cycle(elapsed=33.422829ms, fps=30, tick=53900)
17:21:04 [INFO] Arena cycle(elapsed=32.690974ms, fps=31, tick=54000)
17:21:07 [INFO] Arena cycle(elapsed=32.562944ms, fps=31, tick=54100)
17:21:10 [INFO] Arena cycle(elapsed=33.814395ms, fps=30, tick=54200)
17:21:13 [INFO] Arena cycle(elapsed=32.594256ms, fps=31, tick=54300)
17:21:17 [INFO] Arena cycle(elapsed=32.013123ms, fps=31, tick=54400)
17:21:20 [INFO] Arena cycle(elapsed=32.154754ms, fps=31, tick=54500)
17:21:23 [INFO] Arena cycle(elapsed=32.46728ms, fps=31, tick=54600)
17:21:27 [INFO] Arena cycle(elapsed=32.52793ms, fps=31, tick=54700)
17:21:30 [INFO] Arena cycle(elapsed=33.355224ms, fps=30, tick=54800)
17:21:33 [INFO] Arena cycle(elapsed=32.522841ms, fps=31, tick=54900)
17:21:37 [INFO] Arena cycle(elapsed=33.603117ms, fps=30, tick=55000)
17:21:40 [INFO] Arena cycle(elapsed=32.701324ms, fps=31, tick=55100)
17:21:43 [INFO] Arena cycle(elapsed=32.881139ms, fps=31, tick=55200)
17:21:46 [INFO] Arena cycle(elapsed=32.890709ms, fps=31, tick=55300)
17:21:50 [INFO] Arena cycle(elapsed=33.480366ms, fps=30, tick=55400)
17:21:53 [INFO] Arena cycle(elapsed=33.817963ms, fps=30, tick=55500)
17:21:56 [INFO] Arena cycle(elapsed=33.52036ms, fps=30, tick=55600)
17:22:00 [INFO] Arena cycle(elapsed=32.510976ms, fps=31, tick=55700)
17:22:03 [INFO] Arena cycle(elapsed=32.632956ms, fps=31, tick=55800)
17:22:06 [INFO] Arena cycle(elapsed=33.458335ms, fps=30, tick=55900)
17:22:10 [INFO] Arena cycle(elapsed=33.243861ms, fps=30, tick=56000)
17:22:13 [INFO] Arena cycle(elapsed=32.231631ms, fps=31, tick=56100)
17:22:16 [INFO] Arena cycle(elapsed=32.821827ms, fps=31, tick=56200)
17:22:19 [INFO] Arena cycle(elapsed=33.477055ms, fps=30, tick=56300)
17:22:23 [INFO] Arena cycle(elapsed=33.819361ms, fps=30, tick=56400)
17:22:26 [INFO] Arena cycle(elapsed=33.491794ms, fps=30, tick=56500)
17:22:29 [INFO] Arena cycle(elapsed=33.315746ms, fps=30, tick=56600)
17:22:33 [INFO] Arena cycle(elapsed=33.504934ms, fps=30, tick=56700)
17:22:36 [INFO] Arena cycle(elapsed=33.885747ms, fps=30, tick=56800)
17:22:39 [INFO] Arena cycle(elapsed=32.345372ms, fps=31, tick=56900)
17:22:43 [INFO] Arena cycle(elapsed=32.562279ms, fps=31, tick=57000)
17:22:46 [INFO] Arena cycle(elapsed=32.895734ms, fps=31, tick=57100)
17:22:49 [INFO] Arena cycle(elapsed=33.189952ms, fps=30, tick=57200)
17:22:52 [INFO] Arena cycle(elapsed=33.955504ms, fps=30, tick=57300)
17:22:56 [INFO] Arena cycle(elapsed=32.039127ms, fps=31, tick=57400)
17:22:59 [INFO] Arena cycle(elapsed=34.341579ms, fps=29, tick=57500)
17:23:02 [INFO] Arena cycle(elapsed=32.68911ms, fps=31, tick=57600)
17:23:06 [INFO] Arena cycle(elapsed=32.315862ms, fps=31, tick=57700)
17:23:09 [INFO] Arena cycle(elapsed=32.534388ms, fps=31, tick=57800)
17:23:12 [INFO] Arena cycle(elapsed=32.085721ms, fps=31, tick=57900)
17:23:16 [INFO] Arena cycle(elapsed=32.600963ms, fps=31, tick=58000)
17:23:19 [INFO] Arena cycle(elapsed=33.035756ms, fps=30, tick=58100)
17:23:22 [INFO] Arena cycle(elapsed=32.492051ms, fps=31, tick=58200)
17:23:25 [INFO] Arena cycle(elapsed=32.169373ms, fps=31, tick=58300)
17:23:29 [INFO] Arena cycle(elapsed=32.564302ms, fps=31, tick=58400)
17:23:32 [INFO] Arena cycle(elapsed=32.616627ms, fps=31, tick=58500)
17:23:35 [INFO] Arena cycle(elapsed=33.639577ms, fps=30, tick=58600)
17:23:39 [INFO] Arena cycle(elapsed=32.827973ms, fps=31, tick=58700)
17:23:42 [INFO] Arena cycle(elapsed=33.083792ms, fps=30, tick=58800)
17:23:45 [INFO] Arena cycle(elapsed=32.610228ms, fps=31, tick=58900)
17:23:49 [INFO] Arena cycle(elapsed=32.252658ms, fps=31, tick=59000)
17:23:52 [INFO] Arena cycle(elapsed=33.671301ms, fps=30, tick=59100)
17:23:55 [INFO] Arena cycle(elapsed=33.782753ms, fps=30, tick=59200)
17:23:58 [INFO] Arena cycle(elapsed=32.911569ms, fps=31, tick=59300)
17:24:02 [INFO] Arena cycle(elapsed=32.572513ms, fps=31, tick=59400)
17:24:05 [INFO] Arena cycle(elapsed=33.302644ms, fps=30, tick=59500)
17:24:08 [INFO] Arena cycle(elapsed=32.9712ms, fps=31, tick=59600)
17:24:12 [INFO] Arena cycle(elapsed=33.25839ms, fps=30, tick=59700)
17:24:15 [INFO] Arena cycle(elapsed=32.971653ms, fps=31, tick=59800)
17:24:18 [INFO] Arena cycle(elapsed=33.382147ms, fps=30, tick=59900)
17:24:22 [INFO] Arena cycle(elapsed=32.582648ms, fps=31, tick=60000)
17:24:25 [INFO] Arena cycle(elapsed=33.575268ms, fps=30, tick=60100)
17:24:28 [INFO] Arena cycle(elapsed=32.376069ms, fps=31, tick=60200)
17:24:31 [INFO] Arena cycle(elapsed=32.611191ms, fps=31, tick=60300)
17:24:35 [INFO] Arena cycle(elapsed=33.282789ms, fps=30, tick=60400)
17:24:38 [INFO] Arena cycle(elapsed=33.257529ms, fps=30, tick=60500)
17:24:41 [INFO] Arena cycle(elapsed=32.406357ms, fps=31, tick=60600)
17:24:45 [INFO] Arena cycle(elapsed=32.794253ms, fps=31, tick=60700)
17:24:48 [INFO] Arena cycle(elapsed=32.951011ms, fps=31, tick=60800)
17:24:51 [INFO] Arena cycle(elapsed=33.058513ms, fps=30, tick=60900)
17:24:55 [INFO] Arena cycle(elapsed=32.717046ms, fps=31, tick=61000)
17:24:58 [INFO] Arena cycle(elapsed=32.538728ms, fps=31, tick=61100)
17:25:01 [INFO] Arena cycle(elapsed=32.319274ms, fps=31, tick=61200)
17:25:04 [INFO] Arena cycle(elapsed=33.301641ms, fps=30, tick=61300)
17:25:08 [INFO] Arena cycle(elapsed=33.814048ms, fps=30, tick=61400)
17:25:11 [INFO] Arena cycle(elapsed=32.127014ms, fps=31, tick=61500)
17:25:14 [INFO] Arena cycle(elapsed=32.886229ms, fps=31, tick=61600)
17:25:18 [INFO] Arena cycle(elapsed=33.721969ms, fps=30, tick=61700)
17:25:21 [INFO] Arena cycle(elapsed=32.339262ms, fps=31, tick=61800)
17:25:24 [INFO] Arena cycle(elapsed=32.916658ms, fps=31, tick=61900)
17:25:28 [INFO] Arena cycle(elapsed=33.422444ms, fps=30, tick=62000)
17:25:31 [INFO] Arena cycle(elapsed=33.819289ms, fps=30, tick=62100)
17:25:34 [INFO] Arena cycle(elapsed=32.650107ms, fps=31, tick=62200)
17:25:37 [INFO] Arena cycle(elapsed=32.645898ms, fps=31, tick=62300)
17:25:41 [INFO] Arena cycle(elapsed=32.363326ms, fps=31, tick=62400)
17:25:44 [INFO] Arena cycle(elapsed=32.425961ms, fps=31, tick=62500)
17:25:47 [INFO] Arena cycle(elapsed=33.046471ms, fps=30, tick=62600)
17:25:51 [INFO] Arena cycle(elapsed=32.00739ms, fps=31, tick=62700)
17:25:54 [INFO] Arena cycle(elapsed=33.044271ms, fps=30, tick=62800)
17:25:57 [INFO] Arena cycle(elapsed=33.403917ms, fps=30, tick=62900)
17:26:01 [INFO] Arena cycle(elapsed=33.008747ms, fps=30, tick=63000)
17:26:04 [INFO] Arena cycle(elapsed=33.641158ms, fps=30, tick=63100)
17:26:07 [INFO] Arena cycle(elapsed=32.59157ms, fps=31, tick=63200)
17:26:10 [INFO] Arena cycle(elapsed=32.353844ms, fps=31, tick=63300)
17:26:14 [INFO] Arena cycle(elapsed=33.351509ms, fps=30, tick=63400)
17:26:17 [INFO] Arena cycle(elapsed=32.706752ms, fps=31, tick=63500)
17:26:20 [INFO] Arena cycle(elapsed=32.978586ms, fps=31, tick=63600)
17:26:24 [INFO] Arena cycle(elapsed=32.529891ms, fps=31, tick=63700)
17:26:27 [INFO] Arena cycle(elapsed=32.390541ms, fps=31, tick=63800)
17:26:30 [INFO] Arena cycle(elapsed=32.573471ms, fps=31, tick=63900)
17:26:34 [INFO] Arena cycle(elapsed=32.486498ms, fps=31, tick=64000)
17:26:37 [INFO] Arena cycle(elapsed=33.579274ms, fps=30, tick=64100)
17:26:40 [INFO] Arena cycle(elapsed=32.284916ms, fps=31, tick=64200)
17:26:43 [INFO] Arena cycle(elapsed=33.325818ms, fps=30, tick=64300)
17:26:47 [INFO] Arena cycle(elapsed=33.0199ms, fps=30, tick=64400)
17:26:50 [INFO] Arena cycle(elapsed=33.540912ms, fps=30, tick=64500)
17:26:53 [INFO] Arena cycle(elapsed=33.184368ms, fps=30, tick=64600)
17:26:57 [INFO] Arena cycle(elapsed=32.375338ms, fps=31, tick=64700)
17:27:00 [INFO] Arena cycle(elapsed=33.145167ms, fps=30, tick=64800)
17:27:03 [INFO] Arena cycle(elapsed=32.759737ms, fps=31, tick=64900)
17:27:07 [INFO] Arena cycle(elapsed=32.778154ms, fps=31, tick=65000)
17:27:10 [INFO] Arena cycle(elapsed=33.117311ms, fps=30, tick=65100)
17:27:13 [INFO] Arena cycle(elapsed=32.753393ms, fps=31, tick=65200)
17:27:16 [INFO] Arena cycle(elapsed=32.986491ms, fps=31, tick=65300)
17:27:20 [INFO] Arena cycle(elapsed=33.190532ms, fps=30, tick=65400)
17:27:23 [INFO] Arena cycle(elapsed=32.614851ms, fps=31, tick=65500)
17:27:26 [INFO] Arena cycle(elapsed=33.081946ms, fps=30, tick=65600)
17:27:30 [INFO] Arena cycle(elapsed=33.326558ms, fps=30, tick=65700)
17:27:33 [INFO] Arena cycle(elapsed=32.999909ms, fps=31, tick=65800)
17:27:36 [INFO] Arena cycle(elapsed=33.424307ms, fps=30, tick=65900)
17:27:40 [INFO] Arena cycle(elapsed=32.63207ms, fps=31, tick=66000)
17:27:43 [INFO] Arena cycle(elapsed=34.472983ms, fps=29, tick=66100)
17:27:46 [INFO] Arena cycle(elapsed=32.457761ms, fps=31, tick=66200)
17:27:49 [INFO] Arena cycle(elapsed=32.611168ms, fps=31, tick=66300)
17:27:53 [INFO] Arena cycle(elapsed=32.571964ms, fps=31, tick=66400)
17:27:56 [INFO] Arena cycle(elapsed=32.822015ms, fps=31, tick=66500)
17:27:59 [INFO] Arena cycle(elapsed=32.788166ms, fps=31, tick=66600)
17:28:03 [INFO] Arena cycle(elapsed=33.937588ms, fps=30, tick=66700)
17:28:06 [INFO] Arena cycle(elapsed=32.518225ms, fps=31, tick=66800)
17:28:09 [INFO] Arena cycle(elapsed=33.462675ms, fps=30, tick=66900)
17:28:13 [INFO] Arena cycle(elapsed=32.874412ms, fps=31, tick=67000)
17:28:16 [INFO] Arena cycle(elapsed=32.894198ms, fps=31, tick=67100)
17:28:19 [INFO] Arena cycle(elapsed=32.526524ms, fps=31, tick=67200)
17:28:22 [INFO] Arena cycle(elapsed=32.327348ms, fps=31, tick=67300)
17:28:26 [INFO] Arena cycle(elapsed=32.741414ms, fps=31, tick=67400)
17:28:29 [INFO] Arena cycle(elapsed=33.581741ms, fps=30, tick=67500)
17:28:32 [INFO] Arena cycle(elapsed=32.826613ms, fps=31, tick=67600)
17:28:36 [INFO] Arena cycle(elapsed=32.689542ms, fps=31, tick=67700)
17:28:39 [INFO] Arena cycle(elapsed=32.97528ms, fps=31, tick=67800)
17:28:42 [INFO] Arena cycle(elapsed=32.452475ms, fps=31, tick=67900)
17:28:46 [INFO] Arena cycle(elapsed=33.336707ms, fps=30, tick=68000)
17:28:49 [INFO] Arena cycle(elapsed=32.769144ms, fps=31, tick=68100)
17:28:52 [INFO] Arena cycle(elapsed=33.412746ms, fps=30, tick=68200)
17:28:55 [INFO] Arena cycle(elapsed=33.87659ms, fps=30, tick=68300)
17:28:59 [INFO] Arena cycle(elapsed=33.208827ms, fps=30, tick=68400)
17:29:02 [INFO] Arena cycle(elapsed=32.466113ms, fps=31, tick=68500)
17:29:05 [INFO] Arena cycle(elapsed=32.399395ms, fps=31, tick=68600)
17:29:09 [INFO] Arena cycle(elapsed=33.1178ms, fps=30, tick=68700)
17:29:12 [INFO] Arena cycle(elapsed=33.221824ms, fps=30, tick=68800)
17:29:15 [INFO] Arena cycle(elapsed=33.585129ms, fps=30, tick=68900)
17:29:19 [INFO] Arena cycle(elapsed=32.92194ms, fps=31, tick=69000)
17:29:22 [INFO] Arena cycle(elapsed=33.416243ms, fps=30, tick=69100)
17:29:25 [INFO] Arena cycle(elapsed=33.07993ms, fps=30, tick=69200)
17:29:28 [INFO] Arena cycle(elapsed=33.19094ms, fps=30, tick=69300)
17:29:32 [INFO] Arena cycle(elapsed=32.782275ms, fps=31, tick=69400)
